flutter_image_compress_common/intermediates/manifest_merge_blame_file/release/manifest-merger-blame-release-report.txt
1<?xml version="1.0" encoding="utf-8"?>
2<manifest xmlns:android="http://schemas.android.com/apk/res/android"
3    xmlns:tools="http://schemas.android.com/tools"
4    package="com.fluttercandies.flutter_image_compress" >
5
6    <uses-sdk
6-->src\main\AndroidManifest.xml:3:5-60
7        android:minSdkVersion="16"
7-->src\main\AndroidManifest.xml:3:5-60
8        android:targetSdkVersion="16"
8-->src\main\AndroidManifest.xml:3:5-60
9        tools:overrideLibrary="androidx.heifwriter" />
9-->src\main\AndroidManifest.xml:3:15-58
10
11</manifest>